0 silly argv {
0 silly argv   _: [ 'version' ],
0 silly argv   lernaVersion: '4.0.0',
0 silly argv   '$0': 'C:\\Program Files\\nodejs\\node_modules\\lerna\\cli.js'
0 silly argv }
1 notice cli v4.0.0
2 verbose rootPath F:\self\ant-js-underscore\imooc-cli-dev\imooc-cli-dev
3 info current version 0.0.0
4 silly isAnythingCommitted
5 error Error: Command failed with exit code 129: git rev-list --count --all --max-count=1
5 error usage: git rev-list [OPTION] <commit-id>... [ -- paths... ]
5 error   limiting output:
5 error     --max-count=<n>
5 error     --max-age=<epoch>
5 error     --min-age=<epoch>
5 error     --sparse
5 error     --no-merges
5 error     --min-parents=<n>
5 error     --no-min-parents
5 error     --max-parents=<n>
5 error     --no-max-parents
5 error     --remove-empty
5 error     --all
5 error     --branches
5 error     --tags
5 error     --remotes
5 error     --stdin
5 error     --quiet
5 error   ordering output:
5 error     --topo-order
5 error     --date-order
5 error     --reverse
5 error   formatting output:
5 error     --parents
5 error     --children
5 error     --objects | --objects-edge
5 error     --unpacked
5 error     --header | --pretty
5 error     --abbrev=<n> | --no-abbrev
5 error     --abbrev-commit
5 error     --left-right
5 error     --count
5 error   special purpose:
5 error     --bisect
5 error     --bisect-vars
5 error     --bisect-all
5 error     at makeError (F:\self\ant-js-underscore\imooc-cli-dev\imooc-cli-dev\node_modules\execa\lib\error.js:60:11)
5 error     at Function.module.exports.sync (F:\self\ant-js-underscore\imooc-cli-dev\imooc-cli-dev\node_modules\execa\index.js:194:17)
5 error     at Object.execSync (F:\self\ant-js-underscore\imooc-cli-dev\imooc-cli-dev\node_modules\@lerna\child-process\index.js:39:16)
5 error     at isAnythingCommitted (F:\self\ant-js-underscore\imooc-cli-dev\imooc-cli-dev\node_modules\@lerna\version\lib\is-anything-committed.js:14:35)
5 error     at VersionCommand.initialize (F:\self\ant-js-underscore\imooc-cli-dev\imooc-cli-dev\node_modules\@lerna\version\index.js:111:12)
